<?xml version="1.0" encoding="UTF-8"?>
<!-- Generated by org.testng.reporters.JUnitReportReporter -->
<testsuite hostname="Gangulas-MacBook.local" failures="0" tests="4" name="test.day1" time="0.004" errors="0" timestamp="2024-11-02T12:30:41 IST" skipped="0">
  <testcase classname="test.day1" name="demo" time="0.003"/>
  <testcase classname="test.day1" name="seconddemo" time="0.000"/>
  <testcase classname="test.day1" name="seconddemo" time="0.001"/>
  <testcase classname="test.day1" name="seconddemo" time="0.000"/>
</testsuite> <!-- test.day1 -->
