<?xml version="1.0" encoding="UTF-8"?>
<!-- Generated by org.testng.reporters.JUnitReportReporter -->
<testsuite hostname="Gangulas-MacBook.local" failures="0" tests="7" name="test.day3" time="0.006" errors="0" timestamp="2024-11-02T12:30:41 IST" skipped="3">
  <testcase classname="test.day3" name="logincarloan" time="0.004"/>
  <testcase classname="test.day3" name="weblogincarloan" time="0.000"/>
  <testcase classname="test.day3" name="mobilelogincarloan" time="0.001"/>
  <testcase classname="test.day3" name="apilogincarloan" time="0.001"/>
  <testcase classname="test.day3" name="applogincarloan">
    <skipped/>
  </testcase> <!-- applogincarloan -->
  <testcase classname="test.day3" name="applogincarloan">
    <skipped/>
  </testcase> <!-- applogincarloan -->
  <testcase classname="test.day3" name="applogincarloan">
    <skipped/>
  </testcase> <!-- applogincarloan -->
</testsuite> <!-- test.day3 -->
