<?xml version="1.0" encoding="UTF-8"?>
<!-- Generated by org.testng.reporters.JUnitReportReporter -->
<testsuite hostname="Gangulas-MacBook.local" failures="0" tests="1" name="test.day4" time="0.002" errors="0" timestamp="2024-11-02T13:15:50 IST" skipped="0">
  <testcase classname="test.day4" name="mobileloginhomeloan" time="0.002"/>
</testsuite> <!-- test.day4 -->
